[35m[Appium][39m Welcome to Appium v1.22.3
[35m[Appium][39m Non-default server args:
[35m[Appium][39m   port: 56652
[35m[Appium][39m   loglevel: info
[35m[Appium][39m   tmpDir: C:\Users\DUC~1.PHA\AppData\Local\Temp\\Katalon\Appium\Temp1668607459593
[35m[Appium][39m   chromedriverPort: 56653
[35m[Appium][39m Deprecated server args:
[35m[Appium][39m   [31m--chromedriver-port[39m => --default-capabilities
[35m[Appium][39m Default capabilities, which will be added to each request unless overridden by desired capabilities:
[35m[Appium][39m   chromedriverPort: 56653
[35m[Appium][39m Appium REST http interface listener started on 0.0.0.0:56652
[35m[HTTP][39m [37m-->[39m [37mGET[39m [37m/wd/hub/status[39m
[35m[HTTP][39m [90m{}[39m
[35m[HTTP][39m [37m<-- GET /wd/hub/status [39m[32m200[39m [90m9 ms - 68[39m
[35m[HTTP][39m [90m[39m
[35m[HTTP][39m [37m-->[39m [37mGET[39m [37m/wd/hub/status[39m
[35m[HTTP][39m [90m{}[39m
[35m[HTTP][39m [37m<-- GET /wd/hub/status [39m[32m200[39m [90m2 ms - 68[39m
[35m[HTTP][39m [90m[39m
[35m[HTTP][39m [37m-->[39m [37mPOST[39m [37m/wd/hub/session[39m
[35m[HTTP][39m [90m{"desiredCapabilities":{"appActivity":".Settings","appPackage":"com.android.settings","newCommandTimeout":1800,"platformVersion":"11","automationName":"uiautomator2","autoGrantPermissions":true,"platformName":"Android","udid":"emulator-5554","deviceName":"emulator-5554 (Android SDK built for x86 - Android 11)","platform":"ANDROID","systemPort":8205},"capabilities":{"firstMatch":[{"appium:appActivity":".Settings","appium:appPackage":"com.android.settings","appium:autoGrantPermissions":true,"appium:automationName":"uiautomator2","appium:deviceName":"emulator-5554 (Android SDK built for x86 - Android 11)","appium:newCommandTimeout":1800,"platform":"ANDROID","platformName":"android","appium:platformVersion":"11","appium:systemPort":8205,"appium:udid":"emulator-5554"}]}}[39m
[35m[BaseDriver][39m The following capabilities are not standard capabilities and should have an extension prefix:
[35m[BaseDriver][39m   platform
[35m[BaseDriver][39m   chromedriverPort
[35m[Appium][39m Appium v1.22.3 creating new AndroidUiautomator2Driver (v1.70.1) session
[35m[BaseDriver][39m The following capabilities were provided, but are not recognized by Appium:
[35m[BaseDriver][39m   platform
[35m[BaseDriver][39m Session created with session id: ddac766b-d85b-4c4a-b6fd-ad338f221ae7
[35m[UiAutomator2][39m Starting 'com.android.settings' directly on the device
[35m[ADB][39m Found 1 'build-tools' folders under 'C:\Users\duc.phan\.katalon\tools\android_sdk' (newest first):
[35m[ADB][39m     C:/Users/duc.phan/.katalon/tools/android_sdk/build-tools/29.0.3
[35m[ADB][39m Using 'adb.exe' from 'C:\Users\duc.phan\.katalon\tools\android_sdk\platform-tools\adb.exe'
[35m[AndroidDriver][39m Retrieving device list
[35m[AndroidDriver][39m Using device: emulator-5554
[35m[ADB][39m Using 'adb.exe' from 'C:\Users\duc.phan\.katalon\tools\android_sdk\platform-tools\adb.exe'
[35m[ADB][39m Getting device platform version
[35m[UiAutomator2][39m Relaxing hidden api policy
[35m[AndroidDriver][39m No app sent in, not parsing package/activity
[35m[ADB][39m Using 'apksigner.jar' from 'C:\Users\duc.phan\.katalon\tools\android_sdk\build-tools\29.0.3\lib\apksigner.jar'
[35m[ADB][39m 'C:\Users\duc.phan\AppData\Roaming\npm\node_modules\appium\node_modules\appium-uiautomator2-server\apks\appium-uiautomator2-server-v4.27.0.apk' is signed with the default certificate
[35m[ADB][39m 'C:\Users\duc.phan\AppData\Roaming\npm\node_modules\appium\node_modules\appium-uiautomator2-server\apks\appium-uiautomator2-server-debug-androidTest.apk' is signed with the default certificate
[35m[UiAutomator2][39m Server packages are not going to be (re)installed
[35m[ADB][39m Adding packages ["io.appium.settings","io.appium.uiautomator2.server","io.appium.uiautomator2.server.test"] to Doze whitelist
[35m[UiAutomator2][39m Starting UIAutomator2 server 4.27.0
[35m[UiAutomator2][39m Using UIAutomator2 server from 'C:\Users\duc.phan\AppData\Roaming\npm\node_modules\appium\node_modules\appium-uiautomator2-server\apks\appium-uiautomator2-server-v4.27.0.apk' and test from 'C:\Users\duc.phan\AppData\Roaming\npm\node_modules\appium\node_modules\appium-uiautomator2-server\apks\appium-uiautomator2-server-debug-androidTest.apk'
[35m[UiAutomator2][39m Waiting up to 30000ms for UiAutomator2 to be online...
[35m[WD Proxy][39m socket hang up
[35m[WD Proxy][39m socket hang up
[35m[WD Proxy][39m socket hang up
[35m[WD Proxy][39m Determined the downstream protocol as 'W3C'
[35m[AndroidDriver][39m Screen already unlocked, doing nothing
[35m[UiAutomator2][39m Starting 'com.android.settings/.Settings and waiting for 'com.android.settings/.Settings'
[35m[Appium][39m New AndroidUiautomator2Driver session created successfully, session ddac766b-d85b-4c4a-b6fd-ad338f221ae7 added to master session list
[35m[HTTP][39m [37m<-- POST /wd/hub/session [39m[32m200[39m [90m9070 ms - 1209[39m
[35m[HTTP][39m [90m[39m
[35m[HTTP][39m [37m-->[39m [37mGET[39m [37m/wd/hub/session/ddac766b-d85b-4c4a-b6fd-ad338f221ae7[39m
[35m[HTTP][39m [90m{}[39m
[35m[HTTP][39m [37m<-- GET /wd/hub/session/ddac766b-d85b-4c4a-b6fd-ad338f221ae7 [39m[32m200[39m [90m26 ms - 1163[39m
[35m[HTTP][39m [90m[39m
[35m[HTTP][39m [37m-->[39m [37mGET[39m [37m/wd/hub/session/ddac766b-d85b-4c4a-b6fd-ad338f221ae7[39m
[35m[HTTP][39m [90m{}[39m
[35m[HTTP][39m [37m<-- GET /wd/hub/session/ddac766b-d85b-4c4a-b6fd-ad338f221ae7 [39m[32m200[39m [90m26 ms - 1163[39m
[35m[HTTP][39m [90m[39m
[35m[HTTP][39m [37m-->[39m [37mGET[39m [37m/wd/hub/status[39m
[35m[HTTP][39m [90m{}[39m
[35m[HTTP][39m [37m<-- GET /wd/hub/status [39m[32m200[39m [90m2 ms - 68[39m
[35m[HTTP][39m [90m[39m
[35m[HTTP][39m [37m-->[39m [37mPOST[39m [37m/wd/hub/session/ddac766b-d85b-4c4a-b6fd-ad338f221ae7/timeouts[39m
[35m[HTTP][39m [90m{"implicit":60000}[39m
[35m[HTTP][39m [37m<-- POST /wd/hub/session/ddac766b-d85b-4c4a-b6fd-ad338f221ae7/timeouts [39m[32m200[39m [90m5 ms - 14[39m
[35m[HTTP][39m [90m[39m
[35m[HTTP][39m [37m-->[39m [37mGET[39m [37m/wd/hub/session/ddac766b-d85b-4c4a-b6fd-ad338f221ae7/screenshot[39m
[35m[HTTP][39m [90m{}[39m
[35m[HTTP][39m [37m<-- GET /wd/hub/session/ddac766b-d85b-4c4a-b6fd-ad338f221ae7/screenshot [39m[32m200[39m [90m581 ms - 241124[39m
[35m[HTTP][39m [90m[39m
[35m[HTTP][39m [37m-->[39m [37mGET[39m [37m/wd/hub/session/ddac766b-d85b-4c4a-b6fd-ad338f221ae7/window/rect[39m
[35m[HTTP][39m [90m{}[39m
[35m[HTTP][39m [37m<-- GET /wd/hub/session/ddac766b-d85b-4c4a-b6fd-ad338f221ae7/window/rect [39m[32m200[39m [90m30 ms - 50[39m
[35m[HTTP][39m [90m[39m
[35m[HTTP][39m [37m-->[39m [37mGET[39m [37m/wd/hub/session/ddac766b-d85b-4c4a-b6fd-ad338f221ae7/appium/device/system_bars[39m
[35m[HTTP][39m [90m{}[39m
[35m[HTTP][39m [37m<-- GET /wd/hub/session/ddac766b-d85b-4c4a-b6fd-ad338f221ae7/appium/device/system_bars [39m[32m200[39m [90m127 ms - 149[39m
[35m[HTTP][39m [90m[39m
[35m[HTTP][39m [37m-->[39m [37mPOST[39m [37m/wd/hub/session/ddac766b-d85b-4c4a-b6fd-ad338f221ae7/appium/device/activate_app[39m
[35m[HTTP][39m [90m{"bundleId":"io.appium.android.apis"}[39m
[35m[HTTP][39m [37m<-- POST /wd/hub/session/ddac766b-d85b-4c4a-b6fd-ad338f221ae7/appium/device/activate_app [39m[32m200[39m [90m477 ms - 14[39m
[35m[HTTP][39m [90m[39m
[35m[HTTP][39m [37m-->[39m [37mGET[39m [37m/wd/hub/session/ddac766b-d85b-4c4a-b6fd-ad338f221ae7/source[39m
[35m[HTTP][39m [90m{}[39m
[35m[W3C (ddac766b)][39m Driver proxy active, passing request on via HTTP proxy
[35m[WD Proxy][39m Replacing sessionId 90161c29-ac35-4b46-8520-333add3a9084 with ddac766b-d85b-4c4a-b6fd-ad338f221ae7
[35m[HTTP][39m [37m<-- GET /wd/hub/session/ddac766b-d85b-4c4a-b6fd-ad338f221ae7/source [39m[32m200[39m [90m837 ms - 35031[39m
[35m[HTTP][39m [90m[39m
[35m[HTTP][39m [37m-->[39m [37mGET[39m [37m/wd/hub/session/ddac766b-d85b-4c4a-b6fd-ad338f221ae7/screenshot[39m
[35m[HTTP][39m [90m{}[39m
[35m[HTTP][39m [37m<-- GET /wd/hub/session/ddac766b-d85b-4c4a-b6fd-ad338f221ae7/screenshot [39m[32m200[39m [90m884 ms - 41862[39m
[35m[HTTP][39m [90m[39m
[35m[HTTP][39m [37m-->[39m [37mGET[39m [37m/wd/hub/session/ddac766b-d85b-4c4a-b6fd-ad338f221ae7/context[39m
[35m[HTTP][39m [90m{}[39m
[35m[HTTP][39m [37m<-- GET /wd/hub/session/ddac766b-d85b-4c4a-b6fd-ad338f221ae7/context [39m[32m200[39m [90m6 ms - 22[39m
[35m[HTTP][39m [90m[39m
[35m[HTTP][39m [37m-->[39m [37mGET[39m [37m/wd/hub/session/ddac766b-d85b-4c4a-b6fd-ad338f221ae7/contexts[39m
[35m[HTTP][39m [90m{}[39m
[35m[HTTP][39m [37m<-- GET /wd/hub/session/ddac766b-d85b-4c4a-b6fd-ad338f221ae7/contexts [39m[32m200[39m [90m184 ms - 24[39m
[35m[HTTP][39m [90m[39m
[35m[HTTP][39m [37m-->[39m [37mPOST[39m [37m/wd/hub/session/ddac766b-d85b-4c4a-b6fd-ad338f221ae7/context[39m
[35m[HTTP][39m [90m{"name":"NATIVE_APP"}[39m
[35m[HTTP][39m [37m<-- POST /wd/hub/session/ddac766b-d85b-4c4a-b6fd-ad338f221ae7/context [39m[32m200[39m [90m9 ms - 14[39m
[35m[HTTP][39m [90m[39m
[35m[HTTP][39m [37m-->[39m [37mPOST[39m [37m/wd/hub/session/ddac766b-d85b-4c4a-b6fd-ad338f221ae7/element[39m
[35m[HTTP][39m [90m{"using":"-android uiautomator","value":"new UiScrollable(new UiSelector().scrollable(true).instance(0)).scrollIntoView(new UiSelector().textContains(\"Views\"))"}[39m
[35m[HTTP][39m [37m<-- POST /wd/hub/session/ddac766b-d85b-4c4a-b6fd-ad338f221ae7/element [39m[32m200[39m [90m80 ms - 137[39m
[35m[HTTP][39m [90m[39m
[35m[HTTP][39m [37m-->[39m [37mPOST[39m [37m/wd/hub/session/ddac766b-d85b-4c4a-b6fd-ad338f221ae7/context[39m
[35m[HTTP][39m [90m{"name":"NATIVE_APP"}[39m
[35m[HTTP][39m [37m<-- POST /wd/hub/session/ddac766b-d85b-4c4a-b6fd-ad338f221ae7/context [39m[32m200[39m [90m1 ms - 14[39m
[35m[HTTP][39m [90m[39m
[35m[HTTP][39m [37m-->[39m [37mGET[39m [37m/wd/hub/session/ddac766b-d85b-4c4a-b6fd-ad338f221ae7/source[39m
[35m[HTTP][39m [90m{}[39m
[35m[W3C (ddac766b)][39m Driver proxy active, passing request on via HTTP proxy
[35m[WD Proxy][39m Replacing sessionId 90161c29-ac35-4b46-8520-333add3a9084 with ddac766b-d85b-4c4a-b6fd-ad338f221ae7
[35m[HTTP][39m [37m<-- GET /wd/hub/session/ddac766b-d85b-4c4a-b6fd-ad338f221ae7/source [39m[32m200[39m [90m181 ms - 8577[39m
[35m[HTTP][39m [90m[39m
[35m[HTTP][39m [37m-->[39m [37mGET[39m [37m/wd/hub/session/ddac766b-d85b-4c4a-b6fd-ad338f221ae7/screenshot[39m
[35m[HTTP][39m [90m{}[39m
[35m[HTTP][39m [37m<-- GET /wd/hub/session/ddac766b-d85b-4c4a-b6fd-ad338f221ae7/screenshot [39m[32m200[39m [90m571 ms - 101980[39m
[35m[HTTP][39m [90m[39m
[35m[HTTP][39m [37m-->[39m [37mPOST[39m [37m/wd/hub/session/ddac766b-d85b-4c4a-b6fd-ad338f221ae7/elements[39m
[35m[HTTP][39m [90m{"using":"xpath","value":"//*[@class = 'android.widget.TextView' and (@text = concat(\"Access\" , \"'\" , \"ibility\") or . = concat(\"Access\" , \"'\" , \"ibility\")) and @resource-id = 'android:id/text1']"}[39m
[35m[HTTP][39m [37m<-- POST /wd/hub/session/ddac766b-d85b-4c4a-b6fd-ad338f221ae7/elements [39m[32m200[39m [90m611 ms - 139[39m
[35m[HTTP][39m [90m[39m
[35m[HTTP][39m [37m-->[39m [37mGET[39m [37m/wd/hub/session/ddac766b-d85b-4c4a-b6fd-ad338f221ae7/window/rect[39m
[35m[HTTP][39m [90m{}[39m
[35m[HTTP][39m [37m<-- GET /wd/hub/session/ddac766b-d85b-4c4a-b6fd-ad338f221ae7/window/rect [39m[32m200[39m [90m15 ms - 50[39m
[35m[HTTP][39m [90m[39m
[35m[HTTP][39m [37m-->[39m [37mPOST[39m [37m/wd/hub/session/ddac766b-d85b-4c4a-b6fd-ad338f221ae7/elements[39m
[35m[HTTP][39m [90m{"using":"xpath","value":"//*[@class = 'android.widget.TextView' and (@text = concat(\"Access\" , \"'\" , \"ibility\") or . = concat(\"Access\" , \"'\" , \"ibility\")) and @resource-id = 'android:id/text1']"}[39m
[35m[HTTP][39m [37m<-- POST /wd/hub/session/ddac766b-d85b-4c4a-b6fd-ad338f221ae7/elements [39m[32m200[39m [90m71 ms - 139[39m
[35m[HTTP][39m [90m[39m
[35m[HTTP][39m [37m-->[39m [37mGET[39m [37m/wd/hub/session/ddac766b-d85b-4c4a-b6fd-ad338f221ae7/element/00000000-0000-001e-ffff-ffff00000009/location[39m
[35m[HTTP][39m [90m{}[39m
[35m[W3C (ddac766b)][39m Driver proxy active, passing request on via HTTP proxy
[35m[WD Proxy][39m Replacing sessionId 90161c29-ac35-4b46-8520-333add3a9084 with ddac766b-d85b-4c4a-b6fd-ad338f221ae7
[35m[HTTP][39m [37m<-- GET /wd/hub/session/ddac766b-d85b-4c4a-b6fd-ad338f221ae7/element/00000000-0000-001e-ffff-ffff00000009/location [39m[32m200[39m [90m23 ms - 76[39m
[35m[HTTP][39m [90m[39m
[35m[HTTP][39m [37m-->[39m [37mPOST[39m [37m/wd/hub/session/ddac766b-d85b-4c4a-b6fd-ad338f221ae7/element/00000000-0000-001e-ffff-ffff00000009/click[39m
[35m[HTTP][39m [90m{"id":"00000000-0000-001e-ffff-ffff00000009"}[39m
[35m[HTTP][39m [37m<-- POST /wd/hub/session/ddac766b-d85b-4c4a-b6fd-ad338f221ae7/element/00000000-0000-001e-ffff-ffff00000009/click [39m[32m200[39m [90m1175 ms - 14[39m
[35m[HTTP][39m [90m[39m
[35m[HTTP][39m [37m-->[39m [37mGET[39m [37m/wd/hub/session/ddac766b-d85b-4c4a-b6fd-ad338f221ae7/source[39m
[35m[HTTP][39m [90m{}[39m
[35m[W3C (ddac766b)][39m Driver proxy active, passing request on via HTTP proxy
[35m[WD Proxy][39m Replacing sessionId 90161c29-ac35-4b46-8520-333add3a9084 with ddac766b-d85b-4c4a-b6fd-ad338f221ae7
[35m[HTTP][39m [37m<-- GET /wd/hub/session/ddac766b-d85b-4c4a-b6fd-ad338f221ae7/source [39m[32m200[39m [90m30 ms - 5153[39m
[35m[HTTP][39m [90m[39m
[35m[HTTP][39m [37m-->[39m [37mGET[39m [37m/wd/hub/session/ddac766b-d85b-4c4a-b6fd-ad338f221ae7/screenshot[39m
[35m[HTTP][39m [90m{}[39m
[35m[HTTP][39m [37m<-- GET /wd/hub/session/ddac766b-d85b-4c4a-b6fd-ad338f221ae7/screenshot [39m[32m200[39m [90m289 ms - 88752[39m
[35m[HTTP][39m [90m[39m
[35m[HTTP][39m [37m-->[39m [37mPOST[39m [37m/wd/hub/session/ddac766b-d85b-4c4a-b6fd-ad338f221ae7/elements[39m
[35m[HTTP][39m [90m{"using":"xpath","value":"//*[@class = 'android.widget.TextView' and (@text = 'Accessibility Node Provider' or . = 'Accessibility Node Provider') and @resource-id = 'android:id/text1']"}[39m
[35m[HTTP][39m [37m<-- POST /wd/hub/session/ddac766b-d85b-4c4a-b6fd-ad338f221ae7/elements [39m[32m200[39m [90m37 ms - 139[39m
[35m[HTTP][39m [90m[39m
[35m[HTTP][39m [37m-->[39m [37mGET[39m [37m/wd/hub/session/ddac766b-d85b-4c4a-b6fd-ad338f221ae7/window/rect[39m
[35m[HTTP][39m [90m{}[39m
[35m[HTTP][39m [37m<-- GET /wd/hub/session/ddac766b-d85b-4c4a-b6fd-ad338f221ae7/window/rect [39m[32m200[39m [90m13 ms - 50[39m
[35m[HTTP][39m [90m[39m
[35m[HTTP][39m [37m-->[39m [37mPOST[39m [37m/wd/hub/session/ddac766b-d85b-4c4a-b6fd-ad338f221ae7/elements[39m
[35m[HTTP][39m [90m{"using":"xpath","value":"//*[@class = 'android.widget.TextView' and (@text = 'Accessibility Node Provider' or . = 'Accessibility Node Provider') and @resource-id = 'android:id/text1']"}[39m
[35m[HTTP][39m [37m<-- POST /wd/hub/session/ddac766b-d85b-4c4a-b6fd-ad338f221ae7/elements [39m[32m200[39m [90m45 ms - 139[39m
[35m[HTTP][39m [90m[39m
[35m[HTTP][39m [37m-->[39m [37mGET[39m [37m/wd/hub/session/ddac766b-d85b-4c4a-b6fd-ad338f221ae7/element/00000000-0000-001f-ffff-ffff0000001f/location[39m
[35m[HTTP][39m [90m{}[39m
[35m[W3C (ddac766b)][39m Driver proxy active, passing request on via HTTP proxy
[35m[WD Proxy][39m Replacing sessionId 90161c29-ac35-4b46-8520-333add3a9084 with ddac766b-d85b-4c4a-b6fd-ad338f221ae7
[35m[HTTP][39m [37m<-- GET /wd/hub/session/ddac766b-d85b-4c4a-b6fd-ad338f221ae7/element/00000000-0000-001f-ffff-ffff0000001f/location [39m[32m200[39m [90m21 ms - 76[39m
[35m[HTTP][39m [90m[39m
[35m[HTTP][39m [37m-->[39m [37mPOST[39m [37m/wd/hub/session/ddac766b-d85b-4c4a-b6fd-ad338f221ae7/element/00000000-0000-001f-ffff-ffff0000001f/click[39m
[35m[HTTP][39m [90m{"id":"00000000-0000-001f-ffff-ffff0000001f"}[39m
[35m[HTTP][39m [37m<-- POST /wd/hub/session/ddac766b-d85b-4c4a-b6fd-ad338f221ae7/element/00000000-0000-001f-ffff-ffff0000001f/click [39m[32m200[39m [90m810 ms - 14[39m
[35m[HTTP][39m [90m[39m
[35m[HTTP][39m [37m-->[39m [37mGET[39m [37m/wd/hub/session/ddac766b-d85b-4c4a-b6fd-ad338f221ae7/source[39m
[35m[HTTP][39m [90m{}[39m
[35m[W3C (ddac766b)][39m Driver proxy active, passing request on via HTTP proxy
[35m[WD Proxy][39m Replacing sessionId 90161c29-ac35-4b46-8520-333add3a9084 with ddac766b-d85b-4c4a-b6fd-ad338f221ae7
[35m[HTTP][39m [37m<-- GET /wd/hub/session/ddac766b-d85b-4c4a-b6fd-ad338f221ae7/source [39m[32m200[39m [90m46 ms - 4239[39m
[35m[HTTP][39m [90m[39m
[35m[HTTP][39m [37m-->[39m [37mGET[39m [37m/wd/hub/session/ddac766b-d85b-4c4a-b6fd-ad338f221ae7/screenshot[39m
[35m[HTTP][39m [90m{}[39m
[35m[HTTP][39m [37m<-- GET /wd/hub/session/ddac766b-d85b-4c4a-b6fd-ad338f221ae7/screenshot [39m[32m200[39m [90m264 ms - 74552[39m
[35m[HTTP][39m [90m[39m
[35m[HTTP][39m [37m-->[39m [37mGET[39m [37m/wd/hub/session/ddac766b-d85b-4c4a-b6fd-ad338f221ae7/context[39m
[35m[HTTP][39m [90m{}[39m
[35m[HTTP][39m [37m<-- GET /wd/hub/session/ddac766b-d85b-4c4a-b6fd-ad338f221ae7/context [39m[32m200[39m [90m3 ms - 22[39m
[35m[HTTP][39m [90m[39m
[35m[HTTP][39m [37m-->[39m [37mGET[39m [37m/wd/hub/session/ddac766b-d85b-4c4a-b6fd-ad338f221ae7/contexts[39m
[35m[HTTP][39m [90m{}[39m
[35m[HTTP][39m [37m<-- GET /wd/hub/session/ddac766b-d85b-4c4a-b6fd-ad338f221ae7/contexts [39m[32m200[39m [90m131 ms - 24[39m
[35m[HTTP][39m [90m[39m
[35m[HTTP][39m [37m-->[39m [37mPOST[39m [37m/wd/hub/session/ddac766b-d85b-4c4a-b6fd-ad338f221ae7/context[39m
[35m[HTTP][39m [90m{"name":"NATIVE_APP"}[39m
[35m[HTTP][39m [37m<-- POST /wd/hub/session/ddac766b-d85b-4c4a-b6fd-ad338f221ae7/context [39m[32m200[39m [90m1 ms - 14[39m
[35m[HTTP][39m [90m[39m
[35m[HTTP][39m [37m-->[39m [37mPOST[39m [37m/wd/hub/session/ddac766b-d85b-4c4a-b6fd-ad338f221ae7/appium/device/press_keycode[39m
[35m[HTTP][39m [90m{"keycode":4}[39m
[35m[HTTP][39m [37m<-- POST /wd/hub/session/ddac766b-d85b-4c4a-b6fd-ad338f221ae7/appium/device/press_keycode [39m[32m200[39m [90m662 ms - 14[39m
[35m[HTTP][39m [90m[39m
[35m[HTTP][39m [37m-->[39m [37mPOST[39m [37m/wd/hub/session/ddac766b-d85b-4c4a-b6fd-ad338f221ae7/context[39m
[35m[HTTP][39m [90m{"name":"NATIVE_APP"}[39m
[35m[HTTP][39m [37m<-- POST /wd/hub/session/ddac766b-d85b-4c4a-b6fd-ad338f221ae7/context [39m[32m200[39m [90m2 ms - 14[39m
[35m[HTTP][39m [90m[39m
[35m[HTTP][39m [37m-->[39m [37mGET[39m [37m/wd/hub/session/ddac766b-d85b-4c4a-b6fd-ad338f221ae7/source[39m
[35m[HTTP][39m [90m{}[39m
[35m[W3C (ddac766b)][39m Driver proxy active, passing request on via HTTP proxy
[35m[WD Proxy][39m Replacing sessionId 90161c29-ac35-4b46-8520-333add3a9084 with ddac766b-d85b-4c4a-b6fd-ad338f221ae7
[35m[HTTP][39m [37m<-- GET /wd/hub/session/ddac766b-d85b-4c4a-b6fd-ad338f221ae7/source [39m[32m200[39m [90m34 ms - 5153[39m
[35m[HTTP][39m [90m[39m
[35m[HTTP][39m [37m-->[39m [37mGET[39m [37m/wd/hub/session/ddac766b-d85b-4c4a-b6fd-ad338f221ae7/screenshot[39m
[35m[HTTP][39m [90m{}[39m
[35m[HTTP][39m [37m<-- GET /wd/hub/session/ddac766b-d85b-4c4a-b6fd-ad338f221ae7/screenshot [39m[32m200[39m [90m257 ms - 88752[39m
[35m[HTTP][39m [90m[39m
[35m[HTTP][39m [37m-->[39m [37mGET[39m [37m/wd/hub/session/ddac766b-d85b-4c4a-b6fd-ad338f221ae7/context[39m
[35m[HTTP][39m [90m{}[39m
[35m[HTTP][39m [37m<-- GET /wd/hub/session/ddac766b-d85b-4c4a-b6fd-ad338f221ae7/context [39m[32m200[39m [90m1 ms - 22[39m
[35m[HTTP][39m [90m[39m
[35m[HTTP][39m [37m-->[39m [37mGET[39m [37m/wd/hub/session/ddac766b-d85b-4c4a-b6fd-ad338f221ae7/contexts[39m
[35m[HTTP][39m [90m{}[39m
[35m[HTTP][39m [37m<-- GET /wd/hub/session/ddac766b-d85b-4c4a-b6fd-ad338f221ae7/contexts [39m[32m200[39m [90m92 ms - 24[39m
[35m[HTTP][39m [90m[39m
[35m[HTTP][39m [37m-->[39m [37mPOST[39m [37m/wd/hub/session/ddac766b-d85b-4c4a-b6fd-ad338f221ae7/context[39m
[35m[HTTP][39m [90m{"name":"NATIVE_APP"}[39m
[35m[HTTP][39m [37m<-- POST /wd/hub/session/ddac766b-d85b-4c4a-b6fd-ad338f221ae7/context [39m[32m200[39m [90m2 ms - 14[39m
[35m[HTTP][39m [90m[39m
[35m[HTTP][39m [37m-->[39m [37mPOST[39m [37m/wd/hub/session/ddac766b-d85b-4c4a-b6fd-ad338f221ae7/appium/device/press_keycode[39m
[35m[HTTP][39m [90m{"keycode":4}[39m
[35m[HTTP][39m [37m<-- POST /wd/hub/session/ddac766b-d85b-4c4a-b6fd-ad338f221ae7/appium/device/press_keycode [39m[32m200[39m [90m613 ms - 14[39m
[35m[HTTP][39m [90m[39m
[35m[HTTP][39m [37m-->[39m [37mPOST[39m [37m/wd/hub/session/ddac766b-d85b-4c4a-b6fd-ad338f221ae7/context[39m
[35m[HTTP][39m [90m{"name":"NATIVE_APP"}[39m
[35m[HTTP][39m [37m<-- POST /wd/hub/session/ddac766b-d85b-4c4a-b6fd-ad338f221ae7/context [39m[32m200[39m [90m2 ms - 14[39m
[35m[HTTP][39m [90m[39m
[35m[HTTP][39m [37m-->[39m [37mGET[39m [37m/wd/hub/session/ddac766b-d85b-4c4a-b6fd-ad338f221ae7/source[39m
[35m[HTTP][39m [90m{}[39m
[35m[W3C (ddac766b)][39m Driver proxy active, passing request on via HTTP proxy
[35m[WD Proxy][39m Replacing sessionId 90161c29-ac35-4b46-8520-333add3a9084 with ddac766b-d85b-4c4a-b6fd-ad338f221ae7
[35m[HTTP][39m [37m<-- GET /wd/hub/session/ddac766b-d85b-4c4a-b6fd-ad338f221ae7/source [39m[32m200[39m [90m43 ms - 8577[39m
[35m[HTTP][39m [90m[39m
[35m[HTTP][39m [37m-->[39m [37mGET[39m [37m/wd/hub/session/ddac766b-d85b-4c4a-b6fd-ad338f221ae7/screenshot[39m
[35m[HTTP][39m [90m{}[39m
[35m[HTTP][39m [37m<-- GET /wd/hub/session/ddac766b-d85b-4c4a-b6fd-ad338f221ae7/screenshot [39m[32m200[39m [90m319 ms - 102518[39m
[35m[HTTP][39m [90m[39m
[35m[HTTP][39m [37m-->[39m [37mPOST[39m [37m/wd/hub/session/ddac766b-d85b-4c4a-b6fd-ad338f221ae7/elements[39m
[35m[HTTP][39m [90m{"using":"xpath","value":"//*[@class = 'android.widget.TextView' and (@text = 'Content' or . = 'Content') and @resource-id = 'android:id/text1']"}[39m
[35m[HTTP][39m [37m<-- POST /wd/hub/session/ddac766b-d85b-4c4a-b6fd-ad338f221ae7/elements [39m[32m200[39m [90m67 ms - 139[39m
[35m[HTTP][39m [90m[39m
[35m[HTTP][39m [37m-->[39m [37mGET[39m [37m/wd/hub/session/ddac766b-d85b-4c4a-b6fd-ad338f221ae7/window/rect[39m
[35m[HTTP][39m [90m{}[39m
[35m[HTTP][39m [37m<-- GET /wd/hub/session/ddac766b-d85b-4c4a-b6fd-ad338f221ae7/window/rect [39m[32m200[39m [90m12 ms - 50[39m
[35m[HTTP][39m [90m[39m
[35m[HTTP][39m [37m-->[39m [37mPOST[39m [37m/wd/hub/session/ddac766b-d85b-4c4a-b6fd-ad338f221ae7/elements[39m
[35m[HTTP][39m [90m{"using":"xpath","value":"//*[@class = 'android.widget.TextView' and (@text = 'Content' or . = 'Content') and @resource-id = 'android:id/text1']"}[39m
[35m[HTTP][39m [37m<-- POST /wd/hub/session/ddac766b-d85b-4c4a-b6fd-ad338f221ae7/elements [39m[32m200[39m [90m64 ms - 139[39m
[35m[HTTP][39m [90m[39m
[35m[HTTP][39m [37m-->[39m [37mGET[39m [37m/wd/hub/session/ddac766b-d85b-4c4a-b6fd-ad338f221ae7/element/00000000-0000-001e-ffff-ffff0000000d/location[39m
[35m[HTTP][39m [90m{}[39m
[35m[W3C (ddac766b)][39m Driver proxy active, passing request on via HTTP proxy
[35m[WD Proxy][39m Replacing sessionId 90161c29-ac35-4b46-8520-333add3a9084 with ddac766b-d85b-4c4a-b6fd-ad338f221ae7
[35m[HTTP][39m [37m<-- GET /wd/hub/session/ddac766b-d85b-4c4a-b6fd-ad338f221ae7/element/00000000-0000-001e-ffff-ffff0000000d/location [39m[32m200[39m [90m20 ms - 76[39m
[35m[HTTP][39m [90m[39m
[35m[HTTP][39m [37m-->[39m [37mPOST[39m [37m/wd/hub/session/ddac766b-d85b-4c4a-b6fd-ad338f221ae7/element/00000000-0000-001e-ffff-ffff0000000d/click[39m
[35m[HTTP][39m [90m{"id":"00000000-0000-001e-ffff-ffff0000000d"}[39m
[35m[HTTP][39m [37m<-- POST /wd/hub/session/ddac766b-d85b-4c4a-b6fd-ad338f221ae7/element/00000000-0000-001e-ffff-ffff0000000d/click [39m[32m200[39m [90m907 ms - 14[39m
[35m[HTTP][39m [90m[39m
[35m[HTTP][39m [37m-->[39m [37mGET[39m [37m/wd/hub/session/ddac766b-d85b-4c4a-b6fd-ad338f221ae7/source[39m
[35m[HTTP][39m [90m{}[39m
[35m[W3C (ddac766b)][39m Driver proxy active, passing request on via HTTP proxy
[35m[WD Proxy][39m Replacing sessionId 90161c29-ac35-4b46-8520-333add3a9084 with ddac766b-d85b-4c4a-b6fd-ad338f221ae7
[35m[HTTP][39m [37m<-- GET /wd/hub/session/ddac766b-d85b-4c4a-b6fd-ad338f221ae7/source [39m[32m200[39m [90m38 ms - 5930[39m
[35m[HTTP][39m [90m[39m
[35m[HTTP][39m [37m-->[39m [37mGET[39m [37m/wd/hub/session/ddac766b-d85b-4c4a-b6fd-ad338f221ae7/screenshot[39m
[35m[HTTP][39m [90m{}[39m
[35m[HTTP][39m [37m<-- GET /wd/hub/session/ddac766b-d85b-4c4a-b6fd-ad338f221ae7/screenshot [39m[32m200[39m [90m287 ms - 81880[39m
[35m[HTTP][39m [90m[39m
[35m[HTTP][39m [37m-->[39m [37mGET[39m [37m/wd/hub/session/ddac766b-d85b-4c4a-b6fd-ad338f221ae7/context[39m
[35m[HTTP][39m [90m{}[39m
[35m[HTTP][39m [37m<-- GET /wd/hub/session/ddac766b-d85b-4c4a-b6fd-ad338f221ae7/context [39m[32m200[39m [90m2 ms - 22[39m
[35m[HTTP][39m [90m[39m
[35m[HTTP][39m [37m-->[39m [37mGET[39m [37m/wd/hub/session/ddac766b-d85b-4c4a-b6fd-ad338f221ae7/contexts[39m
[35m[HTTP][39m [90m{}[39m
[35m[HTTP][39m [37m<-- GET /wd/hub/session/ddac766b-d85b-4c4a-b6fd-ad338f221ae7/contexts [39m[32m200[39m [90m119 ms - 24[39m
[35m[HTTP][39m [90m[39m
[35m[HTTP][39m [37m-->[39m [37mPOST[39m [37m/wd/hub/session/ddac766b-d85b-4c4a-b6fd-ad338f221ae7/context[39m
[35m[HTTP][39m [90m{"name":"NATIVE_APP"}[39m
[35m[HTTP][39m [37m<-- POST /wd/hub/session/ddac766b-d85b-4c4a-b6fd-ad338f221ae7/context [39m[32m200[39m [90m1 ms - 14[39m
[35m[HTTP][39m [90m[39m
[35m[HTTP][39m [37m-->[39m [37mPOST[39m [37m/wd/hub/session/ddac766b-d85b-4c4a-b6fd-ad338f221ae7/appium/device/press_keycode[39m
[35m[HTTP][39m [90m{"keycode":4}[39m
[35m[HTTP][39m [37m<-- POST /wd/hub/session/ddac766b-d85b-4c4a-b6fd-ad338f221ae7/appium/device/press_keycode [39m[32m200[39m [90m701 ms - 14[39m
[35m[HTTP][39m [90m[39m
[35m[HTTP][39m [37m-->[39m [37mPOST[39m [37m/wd/hub/session/ddac766b-d85b-4c4a-b6fd-ad338f221ae7/context[39m
[35m[HTTP][39m [90m{"name":"NATIVE_APP"}[39m
[35m[HTTP][39m [37m<-- POST /wd/hub/session/ddac766b-d85b-4c4a-b6fd-ad338f221ae7/context [39m[32m200[39m [90m1 ms - 14[39m
[35m[HTTP][39m [90m[39m
[35m[HTTP][39m [37m-->[39m [37mGET[39m [37m/wd/hub/session/ddac766b-d85b-4c4a-b6fd-ad338f221ae7/source[39m
[35m[HTTP][39m [90m{}[39m
[35m[W3C (ddac766b)][39m Driver proxy active, passing request on via HTTP proxy
[35m[WD Proxy][39m Replacing sessionId 90161c29-ac35-4b46-8520-333add3a9084 with ddac766b-d85b-4c4a-b6fd-ad338f221ae7
[35m[HTTP][39m [37m<-- GET /wd/hub/session/ddac766b-d85b-4c4a-b6fd-ad338f221ae7/source [39m[32m200[39m [90m60 ms - 8577[39m
[35m[HTTP][39m [90m[39m
[35m[HTTP][39m [37m-->[39m [37mGET[39m [37m/wd/hub/session/ddac766b-d85b-4c4a-b6fd-ad338f221ae7/screenshot[39m
[35m[HTTP][39m [90m{}[39m
[35m[HTTP][39m [37m<-- GET /wd/hub/session/ddac766b-d85b-4c4a-b6fd-ad338f221ae7/screenshot [39m[32m200[39m [90m297 ms - 102492[39m
[35m[HTTP][39m [90m[39m
[35m[HTTP][39m [37m-->[39m [37mGET[39m [37m/wd/hub/session/ddac766b-d85b-4c4a-b6fd-ad338f221ae7/context[39m
[35m[HTTP][39m [90m{}[39m
[35m[HTTP][39m [37m<-- GET /wd/hub/session/ddac766b-d85b-4c4a-b6fd-ad338f221ae7/context [39m[32m200[39m [90m1 ms - 22[39m
[35m[HTTP][39m [90m[39m
[35m[HTTP][39m [37m-->[39m [37mGET[39m [37m/wd/hub/session/ddac766b-d85b-4c4a-b6fd-ad338f221ae7/contexts[39m
[35m[HTTP][39m [90m{}[39m
[35m[HTTP][39m [37m<-- GET /wd/hub/session/ddac766b-d85b-4c4a-b6fd-ad338f221ae7/contexts [39m[32m200[39m [90m91 ms - 24[39m
[35m[HTTP][39m [90m[39m
[35m[HTTP][39m [37m-->[39m [37mPOST[39m [37m/wd/hub/session/ddac766b-d85b-4c4a-b6fd-ad338f221ae7/context[39m
[35m[HTTP][39m [90m{"name":"NATIVE_APP"}[39m
[35m[HTTP][39m [37m<-- POST /wd/hub/session/ddac766b-d85b-4c4a-b6fd-ad338f221ae7/context [39m[32m200[39m [90m1 ms - 14[39m
[35m[HTTP][39m [90m[39m
[35m[HTTP][39m [37m-->[39m [37mPOST[39m [37m/wd/hub/session/ddac766b-d85b-4c4a-b6fd-ad338f221ae7/appium/device/press_keycode[39m
[35m[HTTP][39m [90m{"keycode":4}[39m
[35m[HTTP][39m [37m<-- POST /wd/hub/session/ddac766b-d85b-4c4a-b6fd-ad338f221ae7/appium/device/press_keycode [39m[32m200[39m [90m127 ms - 14[39m
[35m[HTTP][39m [90m[39m
[35m[HTTP][39m [37m-->[39m [37mPOST[39m [37m/wd/hub/session/ddac766b-d85b-4c4a-b6fd-ad338f221ae7/context[39m
[35m[HTTP][39m [90m{"name":"NATIVE_APP"}[39m
[35m[HTTP][39m [37m<-- POST /wd/hub/session/ddac766b-d85b-4c4a-b6fd-ad338f221ae7/context [39m[32m200[39m [90m2 ms - 14[39m
[35m[HTTP][39m [90m[39m
[35m[HTTP][39m [37m-->[39m [37mGET[39m [37m/wd/hub/session/ddac766b-d85b-4c4a-b6fd-ad338f221ae7/source[39m
[35m[HTTP][39m [90m{}[39m
[35m[W3C (ddac766b)][39m Driver proxy active, passing request on via HTTP proxy
[35m[WD Proxy][39m Replacing sessionId 90161c29-ac35-4b46-8520-333add3a9084 with ddac766b-d85b-4c4a-b6fd-ad338f221ae7
[35m[HTTP][39m [37m<-- GET /wd/hub/session/ddac766b-d85b-4c4a-b6fd-ad338f221ae7/source [39m[32m200[39m [90m263 ms - 35031[39m
[35m[HTTP][39m [90m[39m
[35m[HTTP][39m [37m-->[39m [37mGET[39m [37m/wd/hub/session/ddac766b-d85b-4c4a-b6fd-ad338f221ae7/screenshot[39m
[35m[HTTP][39m [90m{}[39m
[35m[HTTP][39m [37m<-- GET /wd/hub/session/ddac766b-d85b-4c4a-b6fd-ad338f221ae7/screenshot [39m[32m200[39m [90m398 ms - 241776[39m
[35m[HTTP][39m [90m[39m
[35m[HTTP][39m [37m-->[39m [37mGET[39m [37m/wd/hub/session/ddac766b-d85b-4c4a-b6fd-ad338f221ae7/context[39m
[35m[HTTP][39m [90m{}[39m
[35m[HTTP][39m [37m<-- GET /wd/hub/session/ddac766b-d85b-4c4a-b6fd-ad338f221ae7/context [39m[32m200[39m [90m1 ms - 22[39m
[35m[HTTP][39m [90m[39m
[35m[HTTP][39m [37m-->[39m [37mGET[39m [37m/wd/hub/session/ddac766b-d85b-4c4a-b6fd-ad338f221ae7/contexts[39m
[35m[HTTP][39m [90m{}[39m
[35m[HTTP][39m [37m<-- GET /wd/hub/session/ddac766b-d85b-4c4a-b6fd-ad338f221ae7/contexts [39m[32m200[39m [90m100 ms - 24[39m
[35m[HTTP][39m [90m[39m
[35m[HTTP][39m [37m-->[39m [37mPOST[39m [37m/wd/hub/session/ddac766b-d85b-4c4a-b6fd-ad338f221ae7/context[39m
[35m[HTTP][39m [90m{"name":"NATIVE_APP"}[39m
[35m[HTTP][39m [37m<-- POST /wd/hub/session/ddac766b-d85b-4c4a-b6fd-ad338f221ae7/context [39m[32m200[39m [90m2 ms - 14[39m
[35m[HTTP][39m [90m[39m
[35m[HTTP][39m [37m-->[39m [37mPOST[39m [37m/wd/hub/session/ddac766b-d85b-4c4a-b6fd-ad338f221ae7/appium/device/press_keycode[39m
[35m[HTTP][39m [90m{"keycode":4}[39m
[35m[HTTP][39m [37m<-- POST /wd/hub/session/ddac766b-d85b-4c4a-b6fd-ad338f221ae7/appium/device/press_keycode [39m[32m200[39m [90m770 ms - 14[39m
[35m[HTTP][39m [90m[39m
[35m[HTTP][39m [37m-->[39m [37mPOST[39m [37m/wd/hub/session/ddac766b-d85b-4c4a-b6fd-ad338f221ae7/context[39m
[35m[HTTP][39m [90m{"name":"NATIVE_APP"}[39m
[35m[HTTP][39m [37m<-- POST /wd/hub/session/ddac766b-d85b-4c4a-b6fd-ad338f221ae7/context [39m[32m200[39m [90m3 ms - 14[39m
[35m[HTTP][39m [90m[39m
[35m[HTTP][39m [37m-->[39m [37mGET[39m [37m/wd/hub/session/ddac766b-d85b-4c4a-b6fd-ad338f221ae7/source[39m
[35m[HTTP][39m [90m{}[39m
[35m[W3C (ddac766b)][39m Driver proxy active, passing request on via HTTP proxy
[35m[WD Proxy][39m Replacing sessionId 90161c29-ac35-4b46-8520-333add3a9084 with ddac766b-d85b-4c4a-b6fd-ad338f221ae7
[35m[HTTP][39m [37m<-- GET /wd/hub/session/ddac766b-d85b-4c4a-b6fd-ad338f221ae7/source [39m[32m200[39m [90m102 ms - 12098[39m
[35m[HTTP][39m [90m[39m
[35m[HTTP][39m [37m-->[39m [37mGET[39m [37m/wd/hub/session/ddac766b-d85b-4c4a-b6fd-ad338f221ae7/screenshot[39m
[35m[HTTP][39m [90m{}[39m
[35m[HTTP][39m [37m<-- GET /wd/hub/session/ddac766b-d85b-4c4a-b6fd-ad338f221ae7/screenshot [39m[32m200[39m [90m334 ms - 277762[39m
[35m[HTTP][39m [90m[39m
[35m[HTTP][39m [37m-->[39m [37mGET[39m [37m/wd/hub/session/ddac766b-d85b-4c4a-b6fd-ad338f221ae7/context[39m
[35m[HTTP][39m [90m{}[39m
[35m[HTTP][39m [37m<-- GET /wd/hub/session/ddac766b-d85b-4c4a-b6fd-ad338f221ae7/context [39m[32m200[39m [90m3 ms - 22[39m
[35m[HTTP][39m [90m[39m
[35m[HTTP][39m [37m-->[39m [37mGET[39m [37m/wd/hub/session/ddac766b-d85b-4c4a-b6fd-ad338f221ae7/contexts[39m
[35m[HTTP][39m [90m{}[39m
[35m[HTTP][39m [37m<-- GET /wd/hub/session/ddac766b-d85b-4c4a-b6fd-ad338f221ae7/contexts [39m[32m200[39m [90m171 ms - 24[39m
[35m[HTTP][39m [90m[39m
[35m[HTTP][39m [37m-->[39m [37mPOST[39m [37m/wd/hub/session/ddac766b-d85b-4c4a-b6fd-ad338f221ae7/context[39m
[35m[HTTP][39m [90m{"name":"NATIVE_APP"}[39m
[35m[HTTP][39m [37m<-- POST /wd/hub/session/ddac766b-d85b-4c4a-b6fd-ad338f221ae7/context [39m[32m200[39m [90m6 ms - 14[39m
[35m[HTTP][39m [90m[39m
[35m[HTTP][39m [37m-->[39m [37mPOST[39m [37m/wd/hub/session/ddac766b-d85b-4c4a-b6fd-ad338f221ae7/appium/device/press_keycode[39m
[35m[HTTP][39m [90m{"keycode":4}[39m
[35m[HTTP][39m [37m<-- POST /wd/hub/session/ddac766b-d85b-4c4a-b6fd-ad338f221ae7/appium/device/press_keycode [39m[32m200[39m [90m95 ms - 14[39m
[35m[HTTP][39m [90m[39m
[35m[HTTP][39m [37m-->[39m [37mPOST[39m [37m/wd/hub/session/ddac766b-d85b-4c4a-b6fd-ad338f221ae7/context[39m
[35m[HTTP][39m [90m{"name":"NATIVE_APP"}[39m
[35m[HTTP][39m [37m<-- POST /wd/hub/session/ddac766b-d85b-4c4a-b6fd-ad338f221ae7/context [39m[32m200[39m [90m4 ms - 14[39m
[35m[HTTP][39m [90m[39m
[35m[HTTP][39m [37m-->[39m [37mGET[39m [37m/wd/hub/session/ddac766b-d85b-4c4a-b6fd-ad338f221ae7/source[39m
[35m[HTTP][39m [90m{}[39m
[35m[W3C (ddac766b)][39m Driver proxy active, passing request on via HTTP proxy
[35m[WD Proxy][39m Replacing sessionId 90161c29-ac35-4b46-8520-333add3a9084 with ddac766b-d85b-4c4a-b6fd-ad338f221ae7
[35m[HTTP][39m [37m<-- GET /wd/hub/session/ddac766b-d85b-4c4a-b6fd-ad338f221ae7/source [39m[32m200[39m [90m369 ms - 12280[39m
[35m[HTTP][39m [90m[39m
[35m[HTTP][39m [37m-->[39m [37mGET[39m [37m/wd/hub/session/ddac766b-d85b-4c4a-b6fd-ad338f221ae7/screenshot[39m
[35m[HTTP][39m [90m{}[39m
[35m[HTTP][39m [37m<-- GET /wd/hub/session/ddac766b-d85b-4c4a-b6fd-ad338f221ae7/screenshot [39m[32m200[39m [90m519 ms - 824312[39m
[35m[HTTP][39m [90m[39m
[35m[HTTP][39m [37m-->[39m [37mPOST[39m [37m/wd/hub/session/ddac766b-d85b-4c4a-b6fd-ad338f221ae7/elements[39m
[35m[HTTP][39m [90m{"using":"xpath","value":"//*[@class = 'android.widget.TextView' and @resource-id = 'com.android.quicksearchbox:id/search_widget_text' and (@text = '' or . = '')]"}[39m
[35m[HTTP][39m [37m<-- POST /wd/hub/session/ddac766b-d85b-4c4a-b6fd-ad338f221ae7/elements [39m[32m200[39m [90m123 ms - 139[39m
[35m[HTTP][39m [90m[39m
[35m[HTTP][39m [37m-->[39m [37mGET[39m [37m/wd/hub/session/ddac766b-d85b-4c4a-b6fd-ad338f221ae7/window/rect[39m
[35m[HTTP][39m [90m{}[39m
[35m[HTTP][39m [37m<-- GET /wd/hub/session/ddac766b-d85b-4c4a-b6fd-ad338f221ae7/window/rect [39m[32m200[39m [90m15 ms - 50[39m
[35m[HTTP][39m [90m[39m
[35m[HTTP][39m [37m-->[39m [37mPOST[39m [37m/wd/hub/session/ddac766b-d85b-4c4a-b6fd-ad338f221ae7/elements[39m
[35m[HTTP][39m [90m{"using":"xpath","value":"//*[@class = 'android.widget.TextView' and @resource-id = 'com.android.quicksearchbox:id/search_widget_text' and (@text = '' or . = '')]"}[39m
[35m[HTTP][39m [37m<-- POST /wd/hub/session/ddac766b-d85b-4c4a-b6fd-ad338f221ae7/elements [39m[32m200[39m [90m87 ms - 139[39m
[35m[HTTP][39m [90m[39m
[35m[HTTP][39m [37m-->[39m [37mGET[39m [37m/wd/hub/session/ddac766b-d85b-4c4a-b6fd-ad338f221ae7/element/00000000-0000-0014-ffff-ffff000000e6/location[39m
[35m[HTTP][39m [90m{}[39m
[35m[W3C (ddac766b)][39m Driver proxy active, passing request on via HTTP proxy
[35m[WD Proxy][39m Replacing sessionId 90161c29-ac35-4b46-8520-333add3a9084 with ddac766b-d85b-4c4a-b6fd-ad338f221ae7
[35m[HTTP][39m [37m<-- GET /wd/hub/session/ddac766b-d85b-4c4a-b6fd-ad338f221ae7/element/00000000-0000-0014-ffff-ffff000000e6/location [39m[32m200[39m [90m27 ms - 78[39m
[35m[HTTP][39m [90m[39m
[35m[HTTP][39m [37m-->[39m [37mPOST[39m [37m/wd/hub/session/ddac766b-d85b-4c4a-b6fd-ad338f221ae7/element/00000000-0000-0014-ffff-ffff000000e6/click[39m
[35m[HTTP][39m [90m{"id":"00000000-0000-0014-ffff-ffff000000e6"}[39m
[35m[HTTP][39m [37m<-- POST /wd/hub/session/ddac766b-d85b-4c4a-b6fd-ad338f221ae7/element/00000000-0000-0014-ffff-ffff000000e6/click [39m[32m200[39m [90m66 ms - 14[39m
[35m[HTTP][39m [90m[39m
[35m[HTTP][39m [37m-->[39m [37mGET[39m [37m/wd/hub/session/ddac766b-d85b-4c4a-b6fd-ad338f221ae7/source[39m
[35m[HTTP][39m [90m{}[39m
[35m[W3C (ddac766b)][39m Driver proxy active, passing request on via HTTP proxy
[35m[WD Proxy][39m Replacing sessionId 90161c29-ac35-4b46-8520-333add3a9084 with ddac766b-d85b-4c4a-b6fd-ad338f221ae7
[35m[HTTP][39m [37m<-- GET /wd/hub/session/ddac766b-d85b-4c4a-b6fd-ad338f221ae7/source [39m[32m200[39m [90m568 ms - 3841[39m
[35m[HTTP][39m [90m[39m
[35m[HTTP][39m [37m-->[39m [37mGET[39m [37m/wd/hub/session/ddac766b-d85b-4c4a-b6fd-ad338f221ae7/screenshot[39m
[35m[HTTP][39m [90m{}[39m
[35m[HTTP][39m [37m<-- GET /wd/hub/session/ddac766b-d85b-4c4a-b6fd-ad338f221ae7/screenshot [39m[32m200[39m [90m271 ms - 132514[39m
[35m[HTTP][39m [90m[39m
[35m[HTTP][39m [37m-->[39m [37mPOST[39m [37m/wd/hub/session/ddac766b-d85b-4c4a-b6fd-ad338f221ae7/elements[39m
[35m[HTTP][39m [90m{"using":"xpath","value":"//*[@class = 'android.widget.LinearLayout' and (@text = '' or . = '')]"}[39m
[35m[HTTP][39m [37m<-- POST /wd/hub/session/ddac766b-d85b-4c4a-b6fd-ad338f221ae7/elements [39m[32m200[39m [90m49 ms - 267[39m
[35m[HTTP][39m [90m[39m
[35m[HTTP][39m [37m-->[39m [37mPOST[39m [37m/wd/hub/session/ddac766b-d85b-4c4a-b6fd-ad338f221ae7/elements[39m
[35m[HTTP][39m [90m{"using":"-android uiautomator","value":"new UiSelector().className(\"android.widget.LinearLayout\")"}[39m
[35m[HTTP][39m [37m<-- POST /wd/hub/session/ddac766b-d85b-4c4a-b6fd-ad338f221ae7/elements [39m[32m200[39m [90m26 ms - 267[39m
[35m[HTTP][39m [90m[39m
[35m[HTTP][39m [37m-->[39m [37mGET[39m [37m/wd/hub/session/ddac766b-d85b-4c4a-b6fd-ad338f221ae7/window/rect[39m
[35m[HTTP][39m [90m{}[39m
[35m[HTTP][39m [37m<-- GET /wd/hub/session/ddac766b-d85b-4c4a-b6fd-ad338f221ae7/window/rect [39m[32m200[39m [90m11 ms - 50[39m
[35m[HTTP][39m [90m[39m
[35m[HTTP][39m [37m-->[39m [37mPOST[39m [37m/wd/hub/session/ddac766b-d85b-4c4a-b6fd-ad338f221ae7/elements[39m
[35m[HTTP][39m [90m{"using":"xpath","value":"//hierarchy/android.widget.FrameLayout[1]/android.widget.LinearLayout[1]"}[39m
[35m[HTTP][39m [37m<-- POST /wd/hub/session/ddac766b-d85b-4c4a-b6fd-ad338f221ae7/elements [39m[32m200[39m [90m38 ms - 139[39m
[35m[HTTP][39m [90m[39m
[35m[HTTP][39m [37m-->[39m [37mGET[39m [37m/wd/hub/session/ddac766b-d85b-4c4a-b6fd-ad338f221ae7/element/00000000-0000-0022-ffff-ffff0000000b/location[39m
[35m[HTTP][39m [90m{}[39m
[35m[W3C (ddac766b)][39m Driver proxy active, passing request on via HTTP proxy
[35m[WD Proxy][39m Replacing sessionId 90161c29-ac35-4b46-8520-333add3a9084 with ddac766b-d85b-4c4a-b6fd-ad338f221ae7
[35m[HTTP][39m [37m<-- GET /wd/hub/session/ddac766b-d85b-4c4a-b6fd-ad338f221ae7/element/00000000-0000-0022-ffff-ffff0000000b/location [39m[32m200[39m [90m16 ms - 74[39m
[35m[HTTP][39m [90m[39m
[35m[HTTP][39m [37m-->[39m [37mPOST[39m [37m/wd/hub/session/ddac766b-d85b-4c4a-b6fd-ad338f221ae7/element/00000000-0000-0022-ffff-ffff0000000b/click[39m
[35m[HTTP][39m [90m{"id":"00000000-0000-0022-ffff-ffff0000000b"}[39m
[35m[HTTP][39m [37m<-- POST /wd/hub/session/ddac766b-d85b-4c4a-b6fd-ad338f221ae7/element/00000000-0000-0022-ffff-ffff0000000b/click [39m[32m200[39m [90m75 ms - 14[39m
[35m[HTTP][39m [90m[39m
[35m[HTTP][39m [37m-->[39m [37mGET[39m [37m/wd/hub/session/ddac766b-d85b-4c4a-b6fd-ad338f221ae7/source[39m
[35m[HTTP][39m [90m{}[39m
[35m[W3C (ddac766b)][39m Driver proxy active, passing request on via HTTP proxy
[35m[WD Proxy][39m Replacing sessionId 90161c29-ac35-4b46-8520-333add3a9084 with ddac766b-d85b-4c4a-b6fd-ad338f221ae7
[35m[HTTP][39m [37m<-- GET /wd/hub/session/ddac766b-d85b-4c4a-b6fd-ad338f221ae7/source [39m[32m200[39m [90m32 ms - 3841[39m
[35m[HTTP][39m [90m[39m
[35m[HTTP][39m [37m-->[39m [37mGET[39m [37m/wd/hub/session/ddac766b-d85b-4c4a-b6fd-ad338f221ae7/screenshot[39m
[35m[HTTP][39m [90m{}[39m
[35m[HTTP][39m [37m<-- GET /wd/hub/session/ddac766b-d85b-4c4a-b6fd-ad338f221ae7/screenshot [39m[32m200[39m [90m267 ms - 131464[39m
[35m[HTTP][39m [90m[39m
[35m[HTTP][39m [37m-->[39m [37mPOST[39m [37m/wd/hub/session/ddac766b-d85b-4c4a-b6fd-ad338f221ae7/elements[39m
[35m[HTTP][39m [90m{"using":"xpath","value":"//*[@class = 'android.widget.LinearLayout' and (@text = '' or . = '')]"}[39m
[35m[HTTP][39m [37m<-- POST /wd/hub/session/ddac766b-d85b-4c4a-b6fd-ad338f221ae7/elements [39m[32m200[39m [90m78 ms - 267[39m
[35m[HTTP][39m [90m[39m
[35m[HTTP][39m [37m-->[39m [37mPOST[39m [37m/wd/hub/session/ddac766b-d85b-4c4a-b6fd-ad338f221ae7/elements[39m
[35m[HTTP][39m [90m{"using":"-android uiautomator","value":"new UiSelector().className(\"android.widget.LinearLayout\")"}[39m
[35m[HTTP][39m [37m<-- POST /wd/hub/session/ddac766b-d85b-4c4a-b6fd-ad338f221ae7/elements [39m[32m200[39m [90m50 ms - 267[39m
[35m[HTTP][39m [90m[39m
[35m[HTTP][39m [37m-->[39m [37mGET[39m [37m/wd/hub/session/ddac766b-d85b-4c4a-b6fd-ad338f221ae7/window/rect[39m
[35m[HTTP][39m [90m{}[39m
[35m[HTTP][39m [37m<-- GET /wd/hub/session/ddac766b-d85b-4c4a-b6fd-ad338f221ae7/window/rect [39m[32m200[39m [90m14 ms - 50[39m
[35m[HTTP][39m [90m[39m
[35m[HTTP][39m [37m-->[39m [37mPOST[39m [37m/wd/hub/session/ddac766b-d85b-4c4a-b6fd-ad338f221ae7/elements[39m
[35m[HTTP][39m [90m{"using":"xpath","value":"//hierarchy/android.widget.FrameLayout[1]/android.widget.LinearLayout[1]"}[39m
[35m[HTTP][39m [37m<-- POST /wd/hub/session/ddac766b-d85b-4c4a-b6fd-ad338f221ae7/elements [39m[32m200[39m [90m37 ms - 139[39m
[35m[HTTP][39m [90m[39m
[35m[HTTP][39m [37m-->[39m [37mGET[39m [37m/wd/hub/session/ddac766b-d85b-4c4a-b6fd-ad338f221ae7/element/00000000-0000-0022-ffff-ffff0000000b/location[39m
[35m[HTTP][39m [90m{}[39m
[35m[W3C (ddac766b)][39m Driver proxy active, passing request on via HTTP proxy
[35m[WD Proxy][39m Replacing sessionId 90161c29-ac35-4b46-8520-333add3a9084 with ddac766b-d85b-4c4a-b6fd-ad338f221ae7
[35m[HTTP][39m [37m<-- GET /wd/hub/session/ddac766b-d85b-4c4a-b6fd-ad338f221ae7/element/00000000-0000-0022-ffff-ffff0000000b/location [39m[32m200[39m [90m19 ms - 74[39m
[35m[HTTP][39m [90m[39m
[35m[HTTP][39m [37m-->[39m [37mPOST[39m [37m/wd/hub/session/ddac766b-d85b-4c4a-b6fd-ad338f221ae7/element/00000000-0000-0022-ffff-ffff0000000b/click[39m
[35m[HTTP][39m [90m{"id":"00000000-0000-0022-ffff-ffff0000000b"}[39m
[35m[HTTP][39m [37m<-- POST /wd/hub/session/ddac766b-d85b-4c4a-b6fd-ad338f221ae7/element/00000000-0000-0022-ffff-ffff0000000b/click [39m[32m200[39m [90m62 ms - 14[39m
[35m[HTTP][39m [90m[39m
[35m[HTTP][39m [37m-->[39m [37mGET[39m [37m/wd/hub/session/ddac766b-d85b-4c4a-b6fd-ad338f221ae7/source[39m
[35m[HTTP][39m [90m{}[39m
[35m[W3C (ddac766b)][39m Driver proxy active, passing request on via HTTP proxy
[35m[WD Proxy][39m Replacing sessionId 90161c29-ac35-4b46-8520-333add3a9084 with ddac766b-d85b-4c4a-b6fd-ad338f221ae7
[35m[HTTP][39m [37m<-- GET /wd/hub/session/ddac766b-d85b-4c4a-b6fd-ad338f221ae7/source [39m[32m200[39m [90m43 ms - 3841[39m
[35m[HTTP][39m [90m[39m
[35m[HTTP][39m [37m-->[39m [37mGET[39m [37m/wd/hub/session/ddac766b-d85b-4c4a-b6fd-ad338f221ae7/screenshot[39m
[35m[HTTP][39m [90m{}[39m
[35m[HTTP][39m [37m<-- GET /wd/hub/session/ddac766b-d85b-4c4a-b6fd-ad338f221ae7/screenshot [39m[32m200[39m [90m264 ms - 131398[39m
[35m[HTTP][39m [90m[39m
[35m[HTTP][39m [37m-->[39m [37mPOST[39m [37m/wd/hub/session/ddac766b-d85b-4c4a-b6fd-ad338f221ae7/elements[39m
[35m[HTTP][39m [90m{"using":"xpath","value":"//*[@class = 'android.widget.EditText' and @resource-id = 'com.android.quicksearchbox:id/search_src_text' and (@text = '' or . = '')]"}[39m
[35m[HTTP][39m [37m<-- POST /wd/hub/session/ddac766b-d85b-4c4a-b6fd-ad338f221ae7/elements [39m[32m200[39m [90m76 ms - 139[39m
[35m[HTTP][39m [90m[39m
[35m[HTTP][39m [37m-->[39m [37mGET[39m [37m/wd/hub/session/ddac766b-d85b-4c4a-b6fd-ad338f221ae7/window/rect[39m
[35m[HTTP][39m [90m{}[39m
[35m[HTTP][39m [37m<-- GET /wd/hub/session/ddac766b-d85b-4c4a-b6fd-ad338f221ae7/window/rect [39m[32m200[39m [90m15 ms - 50[39m
[35m[HTTP][39m [90m[39m
[35m[HTTP][39m [37m-->[39m [37mPOST[39m [37m/wd/hub/session/ddac766b-d85b-4c4a-b6fd-ad338f221ae7/elements[39m
[35m[HTTP][39m [90m{"using":"xpath","value":"//*[@class = 'android.widget.EditText' and @resource-id = 'com.android.quicksearchbox:id/search_src_text' and (@text = '' or . = '')]"}[39m
[35m[HTTP][39m [37m<-- POST /wd/hub/session/ddac766b-d85b-4c4a-b6fd-ad338f221ae7/elements [39m[32m200[39m [90m49 ms - 139[39m
[35m[HTTP][39m [90m[39m
[35m[HTTP][39m [37m-->[39m [37mGET[39m [37m/wd/hub/session/ddac766b-d85b-4c4a-b6fd-ad338f221ae7/element/00000000-0000-0022-ffff-ffff00000011/location[39m
[35m[HTTP][39m [90m{}[39m
[35m[W3C (ddac766b)][39m Driver proxy active, passing request on via HTTP proxy
[35m[WD Proxy][39m Replacing sessionId 90161c29-ac35-4b46-8520-333add3a9084 with ddac766b-d85b-4c4a-b6fd-ad338f221ae7
[35m[HTTP][39m [37m<-- GET /wd/hub/session/ddac766b-d85b-4c4a-b6fd-ad338f221ae7/element/00000000-0000-0022-ffff-ffff00000011/location [39m[32m200[39m [90m14 ms - 76[39m
[35m[HTTP][39m [90m[39m
[35m[HTTP][39m [37m-->[39m [37mPOST[39m [37m/wd/hub/session/ddac766b-d85b-4c4a-b6fd-ad338f221ae7/element/00000000-0000-0022-ffff-ffff00000011/clear[39m
[35m[HTTP][39m [90m{"id":"00000000-0000-0022-ffff-ffff00000011"}[39m
[35m[HTTP][39m [37m<-- POST /wd/hub/session/ddac766b-d85b-4c4a-b6fd-ad338f221ae7/element/00000000-0000-0022-ffff-ffff00000011/clear [39m[32m200[39m [90m35 ms - 14[39m
[35m[HTTP][39m [90m[39m
[35m[HTTP][39m [37m-->[39m [37mPOST[39m [37m/wd/hub/session/ddac766b-d85b-4c4a-b6fd-ad338f221ae7/element/00000000-0000-0022-ffff-ffff00000011/value[39m
[35m[HTTP][39m [90m{"id":"00000000-0000-0022-ffff-ffff00000011","text":"vn","value":["v","n"]}[39m
[35m[HTTP][39m [37m<-- POST /wd/hub/session/ddac766b-d85b-4c4a-b6fd-ad338f221ae7/element/00000000-0000-0022-ffff-ffff00000011/value [39m[32m200[39m [90m637 ms - 14[39m
[35m[HTTP][39m [90m[39m
[35m[HTTP][39m [37m-->[39m [37mGET[39m [37m/wd/hub/session/ddac766b-d85b-4c4a-b6fd-ad338f221ae7/source[39m
[35m[HTTP][39m [90m{}[39m
[35m[W3C (ddac766b)][39m Driver proxy active, passing request on via HTTP proxy
[35m[WD Proxy][39m Replacing sessionId 90161c29-ac35-4b46-8520-333add3a9084 with ddac766b-d85b-4c4a-b6fd-ad338f221ae7
[35m[HTTP][39m [37m<-- GET /wd/hub/session/ddac766b-d85b-4c4a-b6fd-ad338f221ae7/source [39m[32m200[39m [90m338 ms - 3840[39m
[35m[HTTP][39m [90m[39m
[35m[HTTP][39m [37m-->[39m [37mGET[39m [37m/wd/hub/session/ddac766b-d85b-4c4a-b6fd-ad338f221ae7/screenshot[39m
[35m[HTTP][39m [90m{}[39m
[35m[HTTP][39m [37m<-- GET /wd/hub/session/ddac766b-d85b-4c4a-b6fd-ad338f221ae7/screenshot [39m[32m200[39m [90m243 ms - 120814[39m
[35m[HTTP][39m [90m[39m
[35m[HTTP][39m [37m-->[39m [37mPOST[39m [37m/wd/hub/session/ddac766b-d85b-4c4a-b6fd-ad338f221ae7/elements[39m
[35m[HTTP][39m [90m{"using":"xpath","value":"//*[@class = 'android.widget.ImageButton' and @resource-id = 'com.android.quicksearchbox:id/search_go_btn' and (@text = '' or . = '')]"}[39m
[35m[HTTP][39m [37m<-- POST /wd/hub/session/ddac766b-d85b-4c4a-b6fd-ad338f221ae7/elements [39m[32m200[39m [90m56 ms - 139[39m
[35m[HTTP][39m [90m[39m
[35m[HTTP][39m [37m-->[39m [37mGET[39m [37m/wd/hub/session/ddac766b-d85b-4c4a-b6fd-ad338f221ae7/window/rect[39m
[35m[HTTP][39m [90m{}[39m
[35m[HTTP][39m [37m<-- GET /wd/hub/session/ddac766b-d85b-4c4a-b6fd-ad338f221ae7/window/rect [39m[32m200[39m [90m11 ms - 50[39m
[35m[HTTP][39m [90m[39m
[35m[HTTP][39m [37m-->[39m [37mPOST[39m [37m/wd/hub/session/ddac766b-d85b-4c4a-b6fd-ad338f221ae7/elements[39m
[35m[HTTP][39m [90m{"using":"xpath","value":"//*[@class = 'android.widget.ImageButton' and @resource-id = 'com.android.quicksearchbox:id/search_go_btn' and (@text = '' or . = '')]"}[39m
[35m[HTTP][39m [37m<-- POST /wd/hub/session/ddac766b-d85b-4c4a-b6fd-ad338f221ae7/elements [39m[32m200[39m [90m38 ms - 139[39m
[35m[HTTP][39m [90m[39m
[35m[HTTP][39m [37m-->[39m [37mGET[39m [37m/wd/hub/session/ddac766b-d85b-4c4a-b6fd-ad338f221ae7/element/00000000-0000-0022-ffff-ffff00000012/location[39m
[35m[HTTP][39m [90m{}[39m
[35m[W3C (ddac766b)][39m Driver proxy active, passing request on via HTTP proxy
[35m[WD Proxy][39m Replacing sessionId 90161c29-ac35-4b46-8520-333add3a9084 with ddac766b-d85b-4c4a-b6fd-ad338f221ae7
[35m[HTTP][39m [37m<-- GET /wd/hub/session/ddac766b-d85b-4c4a-b6fd-ad338f221ae7/element/00000000-0000-0022-ffff-ffff00000012/location [39m[32m200[39m [90m15 ms - 78[39m
[35m[HTTP][39m [90m[39m
[35m[HTTP][39m [37m-->[39m [37mPOST[39m [37m/wd/hub/session/ddac766b-d85b-4c4a-b6fd-ad338f221ae7/element/00000000-0000-0022-ffff-ffff00000012/click[39m
[35m[HTTP][39m [90m{"id":"00000000-0000-0022-ffff-ffff00000012"}[39m
[35m[HTTP][39m [37m<-- POST /wd/hub/session/ddac766b-d85b-4c4a-b6fd-ad338f221ae7/element/00000000-0000-0022-ffff-ffff00000012/click [39m[32m200[39m [90m61 ms - 14[39m
[35m[HTTP][39m [90m[39m
[35m[HTTP][39m [37m-->[39m [37mGET[39m [37m/wd/hub/session/ddac766b-d85b-4c4a-b6fd-ad338f221ae7/source[39m
[35m[HTTP][39m [90m{}[39m
[35m[W3C (ddac766b)][39m Driver proxy active, passing request on via HTTP proxy
[35m[WD Proxy][39m Replacing sessionId 90161c29-ac35-4b46-8520-333add3a9084 with ddac766b-d85b-4c4a-b6fd-ad338f221ae7
[35m[HTTP][39m [37m<-- GET /wd/hub/session/ddac766b-d85b-4c4a-b6fd-ad338f221ae7/source [39m[32m200[39m [90m70 ms - 3840[39m
[35m[HTTP][39m [90m[39m
[35m[HTTP][39m [37m-->[39m [37mGET[39m [37m/wd/hub/session/ddac766b-d85b-4c4a-b6fd-ad338f221ae7/screenshot[39m
[35m[HTTP][39m [90m{}[39m
[35m[HTTP][39m [37m<-- GET /wd/hub/session/ddac766b-d85b-4c4a-b6fd-ad338f221ae7/screenshot [39m[32m200[39m [90m992 ms - 134752[39m
[35m[HTTP][39m [90m[39m
[35m[HTTP][39m [37m-->[39m [37mGET[39m [37m/wd/hub/session/ddac766b-d85b-4c4a-b6fd-ad338f221ae7/contexts[39m
[35m[HTTP][39m [90m{}[39m
[35m[HTTP][39m [37m<-- GET /wd/hub/session/ddac766b-d85b-4c4a-b6fd-ad338f221ae7/contexts [39m[32m200[39m [90m584 ms - 61[39m
[35m[HTTP][39m [90m[39m
[35m[HTTP][39m [37m-->[39m [37mPOST[39m [37m/wd/hub/session/ddac766b-d85b-4c4a-b6fd-ad338f221ae7/context[39m
[35m[HTTP][39m [90m{"name":"WEBVIEW_org.chromium.webview_shell"}[39m
[35m[Chromedriver][39m Found 1 Chromedriver, which is missing in the list of known versions: {"101.0.4951.15":"101"}
[35m[HTTP][39m [37m<-- POST /wd/hub/session/ddac766b-d85b-4c4a-b6fd-ad338f221ae7/context [39m[31m500[39m [90m3002 ms - 1075[39m
[35m[HTTP][39m [90m[39m
